<?xml version="1.0" encoding="UTF-8"?>
<!-- Generated by org.testng.reporters.JUnitReportReporter -->
<testsuite hostname="SYNPYBRL145JQ78" failures="0" tests="2" name="co.ohrm.testcases.LoginPageTest" time="36.870" errors="0" timestamp="2024-11-19T11:10:34 IST" skipped="0">
  <testcase classname="co.ohrm.testcases.LoginPageTest" name="ValidateTitleTest" time="17.260"/>
  <testcase classname="co.ohrm.testcases.LoginPageTest" name="ValidateLoginTest" time="19.610"/>
</testsuite> <!-- co.ohrm.testcases.LoginPageTest -->
