<?xml version="1.0" encoding="UTF-8"?>
<!-- Generated by org.testng.reporters.JUnitReportReporter -->
<testsuite hostname="SYNPYBRL145JQ78" failures="0" tests="2" name="co.ohrm.testcases.AdminPageTest" time="63.257" errors="0" timestamp="2024-11-19T11:10:34 IST" skipped="0">
  <testcase classname="co.ohrm.testcases.AdminPageTest" name="validateAddUserClick" time="42.103"/>
  <testcase classname="co.ohrm.testcases.AdminPageTest" name="validateAdminLabel" time="21.154"/>
</testsuite> <!-- co.ohrm.testcases.AdminPageTest -->
